一起走的路程： 
从昌平线的昌平西山口开始
途径十三陵景区
途径昌平
途径昌平东关
途径北邵洼
途径南邵
途径沙河高教园
途径沙河
途径巩华城
途径朱辛庄
途径生命科学园
途径西二旗
在西二旗换乘13号线
途径清河站
途径上地
途径五道口
途径知春路
途径大钟寺
途径西直门
在西直门换乘2号线
最终到达积水潭
预计花费1h17m

两人以后分别走的路程： 
从2号线的积水潭开始
途径西直门
在西直门换乘13号线
途径大钟寺
途径知春路
途径五道口
途径上地
途径清河站
途径西二旗
在西二旗换乘昌平线
途径生命科学园
途径朱辛庄
途径巩华城
途径沙河
途径沙河高教园
途径南邵
途径北邵洼
途径昌平东关
途径昌平
途径十三陵景区
最终到达昌平西山口
预计花费1h17m

从19号线的积水潭开始
途径平安里
途径太平桥
途径牛街
途径景风门
途径草桥
在草桥换乘大兴机场线
途径大兴新城
最终到达大兴机场
预计花费0h48m

从4号线的海淀黄庄开始
途径人民大学
途径魏公村
途径国家图书馆
途径动物园
途径西直门
途径新街口
途径平安里
途径西四
途径灵境胡同
途径西单
途径宣武门
途径菜市口
途径陶然亭
途径北京南站
在北京南站换乘14号线
途径永定门外
途径景泰
途径蒲黄榆
途径方庄
最终到达十里河
预计花费0h52m

从10号线的海淀黄庄开始
途径知春里
途径知春路
途径西土城
途径牡丹园
途径健德门
途径北土城
途径安贞门
途径惠新西街南口
途径芍药居
途径太阳宫
途径三元桥
途径亮马桥
途径农业展览馆
途径团结湖
途径呼家楼
途径金台夕照
途径国贸
途径双井
途径劲松
途径潘家园
最终到达十里河
预计花费0h55m

从十里河到十里河
耗时0h0min

从昌平线的昌平西山口开始
途径十三陵景区
途径昌平
途径昌平东关
途径北邵洼
途径南邵
途径沙河高教园
途径沙河
途径巩华城
途径朱辛庄
途径生命科学园
途径西二旗
在西二旗换乘13号线
途径清河站
途径上地
途径五道口
途径知春路
途径大钟寺
途径西直门
在西直门换乘4号线
途径新街口
途径平安里
在平安里换乘19号线
途径太平桥
途径牛街
途径景风门
途径草桥
在草桥换乘大兴机场线
途径大兴新城
最终到达大兴机场
预计花费2h7m

